status file for recon-all
Wed Feb  4 21:41:32 EST 2026
recon-all -s sub-NMT2Asym finished without error at Wed Feb  4 21:41:33 EST 2026



#New# invocation of recon-all 



status file for recon-all
Wed Feb  4 21:41:38 EST 2026
recon-all -s sub-NMT2Asym finished without error at Wed Feb  4 21:41:38 EST 2026



#New# invocation of recon-all 



status file for recon-all
Wed Feb  4 21:42:01 EST 2026



#New# invocation of recon-all 



status file for recon-all
Wed Feb  4 21:42:01 EST 2026
#@# white curv rh Wed Feb  4 21:42:05 EST 2026
#@# white curv lh Wed Feb  4 21:42:05 EST 2026
#@# white area rh Wed Feb  4 21:42:06 EST 2026
#@# white area lh Wed Feb  4 21:42:06 EST 2026
#@# pial curv rh Wed Feb  4 21:42:06 EST 2026
#@# pial curv lh Wed Feb  4 21:42:06 EST 2026
#@# pial area rh Wed Feb  4 21:42:07 EST 2026
#@# pial area lh Wed Feb  4 21:42:07 EST 2026
#@# thickness rh Wed Feb  4 21:42:08 EST 2026
#@# thickness lh Wed Feb  4 21:42:08 EST 2026
#@# area and vertex vol rh Wed Feb  4 21:42:11 EST 2026
#@# area and vertex vol lh Wed Feb  4 21:42:11 EST 2026
recon-all -s sub-NMT2Asym finished without error at Wed Feb  4 21:42:12 EST 2026
recon-all -s sub-NMT2Asym finished without error at Wed Feb  4 21:42:12 EST 2026



#New# invocation of recon-all 



status file for recon-all
Wed Feb  4 21:42:18 EST 2026
#@# white curv lh Wed Feb  4 21:42:18 EST 2026
#@# white area lh Wed Feb  4 21:42:19 EST 2026
#@# pial curv lh Wed Feb  4 21:42:19 EST 2026
#@# pial area lh Wed Feb  4 21:42:20 EST 2026
#@# thickness lh Wed Feb  4 21:42:20 EST 2026
#@# area and vertex vol lh Wed Feb  4 21:42:21 EST 2026
#@# white curv rh Wed Feb  4 21:42:22 EST 2026
#@# white area rh Wed Feb  4 21:42:22 EST 2026
#@# pial curv rh Wed Feb  4 21:42:23 EST 2026
#@# pial area rh Wed Feb  4 21:42:23 EST 2026
#@# thickness rh Wed Feb  4 21:42:24 EST 2026
#@# area and vertex vol rh Wed Feb  4 21:42:24 EST 2026
#@# Cortical ribbon mask Wed Feb  4 21:42:26 EST 2026
recon-all -s sub-NMT2Asym finished without error at Wed Feb  4 21:42:43 EST 2026



#New# invocation of recon-all 



status file for recon-all
Wed Feb  4 21:42:44 EST 2026
#@# white curv lh Wed Feb  4 21:42:44 EST 2026
#@# white area lh Wed Feb  4 21:42:44 EST 2026
#@# pial curv lh Wed Feb  4 21:42:45 EST 2026
#@# pial area lh Wed Feb  4 21:42:45 EST 2026
#@# thickness lh Wed Feb  4 21:42:46 EST 2026
#@# area and vertex vol lh Wed Feb  4 21:42:46 EST 2026
#@# Curvature Stats lh Wed Feb  4 21:42:47 EST 2026
recon-all -s sub-NMT2Asym finished without error at Wed Feb  4 21:42:47 EST 2026



#New# invocation of recon-all 



status file for recon-all
Wed Feb  4 21:42:49 EST 2026
#@# white curv rh Wed Feb  4 21:42:50 EST 2026
#@# white area rh Wed Feb  4 21:42:50 EST 2026
#@# pial curv rh Wed Feb  4 21:42:50 EST 2026
#@# pial area rh Wed Feb  4 21:42:51 EST 2026
#@# thickness rh Wed Feb  4 21:42:51 EST 2026
#@# area and vertex vol rh Wed Feb  4 21:42:52 EST 2026
#@# Curvature Stats rh Wed Feb  4 21:42:53 EST 2026
recon-all -s sub-NMT2Asym finished without error at Wed Feb  4 21:42:53 EST 2026



#New# invocation of recon-all 



status file for recon-all
Wed Feb  4 21:42:55 EST 2026
#@# white curv lh Wed Feb  4 21:42:55 EST 2026
#@# white area lh Wed Feb  4 21:42:55 EST 2026
#@# pial curv lh Wed Feb  4 21:42:56 EST 2026
#@# pial area lh Wed Feb  4 21:42:56 EST 2026
#@# thickness lh Wed Feb  4 21:42:56 EST 2026
#@# area and vertex vol lh Wed Feb  4 21:42:57 EST 2026
#@# white curv rh Wed Feb  4 21:42:58 EST 2026
#@# white area rh Wed Feb  4 21:42:58 EST 2026
#@# pial curv rh Wed Feb  4 21:42:59 EST 2026
#@# pial area rh Wed Feb  4 21:42:59 EST 2026
#@# thickness rh Wed Feb  4 21:43:00 EST 2026
#@# area and vertex vol rh Wed Feb  4 21:43:00 EST 2026
#@# Relabel Hypointensities Wed Feb  4 21:43:01 EST 2026
recon-all -s sub-NMT2Asym finished without error at Wed Feb  4 21:43:06 EST 2026



#New# invocation of recon-all 



status file for recon-all
Wed Feb  4 21:43:06 EST 2026
#@# white curv lh Wed Feb  4 21:43:06 EST 2026
#@# white area lh Wed Feb  4 21:43:07 EST 2026
#@# pial curv lh Wed Feb  4 21:43:07 EST 2026
#@# pial area lh Wed Feb  4 21:43:08 EST 2026
#@# thickness lh Wed Feb  4 21:43:08 EST 2026
#@# area and vertex vol lh Wed Feb  4 21:43:09 EST 2026
#@# white curv rh Wed Feb  4 21:43:10 EST 2026
#@# white area rh Wed Feb  4 21:43:10 EST 2026
#@# pial curv rh Wed Feb  4 21:43:10 EST 2026
#@# pial area rh Wed Feb  4 21:43:11 EST 2026
#@# thickness rh Wed Feb  4 21:43:11 EST 2026
#@# area and vertex vol rh Wed Feb  4 21:43:12 EST 2026
#@# APas-to-ASeg Wed Feb  4 21:43:13 EST 2026
recon-all -s sub-NMT2Asym finished without error at Wed Feb  4 21:43:16 EST 2026
